2020-01-29 21:03:27,782 DEBUG UR3 - DEBUG:arm2 current position =0.40797     -0.1737     0.46741
2020-01-29 21:03:28,520 DEBUG UR3 - DEBUG:arm2 current position =0.37885   -0.019391     0.78005
2020-01-29 21:03:29,240 DEBUG UR3 - DEBUG:arm2 current position =0.46703     0.50815     0.64267
2020-01-29 21:03:29,961 DEBUG UR3 - DEBUG:arm2 current position =0.45092     0.44615     0.24644
2020-01-29 21:03:30,687 DEBUG UR3 - DEBUG:arm2 current position =0.41999     0.38006     0.19998
2020-01-29 21:03:30,713 DEBUG UR3 - DEBUG: Final position ofarm2 =0.41999     0.38006     0.19998
2020-01-29 21:03:34,787 DEBUG UR3 - DEBUG: Final position ofarm2 =0.41999     0.38006     0.19998
2020-01-29 21:03:34,973 DEBUG UR3 - DEBUG: Final position ofarm2 =0.42007     0.38011         0.2
2020-01-29 21:03:35,166 DEBUG UR3 - DEBUG: Final position ofarm2 =0.42061     0.38049     0.20014
2020-01-29 21:03:35,348 DEBUG UR3 - DEBUG: Final position ofarm2 =0.42201     0.38147      0.2005
2020-01-29 21:03:35,529 DEBUG UR3 - DEBUG: Final position ofarm2 =0.42466     0.38328     0.20122
2020-01-29 21:03:35,711 DEBUG UR3 - DEBUG: Final position ofarm2 =0.42891     0.38608     0.20248
2020-01-29 21:03:35,891 DEBUG UR3 - DEBUG: Final position ofarm2 =0.4351     0.38993     0.20452
2020-01-29 21:03:36,071 DEBUG UR3 - DEBUG: Final position ofarm2 =0.4436     0.39481     0.20769
2020-01-29 21:03:36,255 DEBUG UR3 - DEBUG: Final position ofarm2 =0.45476     0.40054     0.21245
2020-01-29 21:03:36,435 DEBUG UR3 - DEBUG: Final position ofarm2 =0.46891     0.40675     0.21941
2020-01-29 21:03:36,616 DEBUG UR3 - DEBUG: Final position ofarm2 =0.48631     0.41287     0.22927
2020-01-29 21:03:36,798 DEBUG UR3 - DEBUG: Final position ofarm2 =0.50709     0.41807     0.24284
2020-01-29 21:03:36,977 DEBUG UR3 - DEBUG: Final position ofarm2 =0.53111     0.42128     0.26099
2020-01-29 21:03:37,156 DEBUG UR3 - DEBUG: Final position ofarm2 =0.55789     0.42119     0.28456
2020-01-29 21:03:37,337 DEBUG UR3 - DEBUG: Final position ofarm2 =0.58646     0.41635     0.31428
2020-01-29 21:03:37,515 DEBUG UR3 - DEBUG: Final position ofarm2 =0.61526     0.40537     0.35062
2020-01-29 21:03:37,694 DEBUG UR3 - DEBUG: Final position ofarm2 =0.64213     0.38705     0.39372
2020-01-29 21:03:37,875 DEBUG UR3 - DEBUG: Final position ofarm2 =0.66434     0.36075     0.44324
2020-01-29 21:03:38,054 DEBUG UR3 - DEBUG: Final position ofarm2 =0.67878     0.32661     0.49827
2020-01-29 21:03:38,234 DEBUG UR3 - DEBUG: Final position ofarm2 =0.68235     0.28577      0.5573
2020-01-29 21:03:38,413 DEBUG UR3 - DEBUG: Final position ofarm2 =0.67231     0.24049     0.61827
2020-01-29 21:03:38,593 DEBUG UR3 - DEBUG: Final position ofarm2 =0.64682       0.194     0.67866
2020-01-29 21:03:38,774 DEBUG UR3 - DEBUG: Final position ofarm2 =0.60535      0.1502     0.73568
2020-01-29 21:03:38,952 DEBUG UR3 - DEBUG: Final position ofarm2 =0.54896     0.11323     0.78654
2020-01-29 21:03:39,137 DEBUG UR3 - DEBUG: Final position ofarm2 =0.4803    0.086758     0.82872
2020-01-29 21:03:39,318 DEBUG UR3 - DEBUG: Final position ofarm2 =0.40339    0.073518      0.8602
2020-01-29 21:03:39,500 DEBUG UR3 - DEBUG: Final position ofarm2 =0.3231    0.074811     0.87971
2020-01-29 21:03:39,679 DEBUG UR3 - DEBUG: Final position ofarm2 =0.2445     0.09034     0.88682
2020-01-29 21:03:39,859 DEBUG UR3 - DEBUG: Final position ofarm2 =0.1722      0.1183     0.88198
2020-01-29 21:03:40,041 DEBUG UR3 - DEBUG: Final position ofarm2 =0.10983     0.15574      0.8664
2020-01-29 21:03:40,224 DEBUG UR3 - DEBUG: Final position ofarm2 =0.059617     0.19904     0.84189
2020-01-29 21:03:40,409 DEBUG UR3 - DEBUG: Final position ofarm2 =0.022386     0.24449     0.81063
2020-01-29 21:03:40,588 DEBUG UR3 - DEBUG: Final position ofarm2 =-0.0023392     0.28879     0.77496
2020-01-29 21:03:40,769 DEBUG UR3 - DEBUG: Final position ofarm2 =-0.01601     0.32934     0.73712
2020-01-29 21:03:40,949 DEBUG UR3 - DEBUG: Final position ofarm2 =-0.020673     0.36447     0.69908
2020-01-29 21:03:41,136 DEBUG UR3 - DEBUG: Final position ofarm2 =-0.018595     0.39334     0.66247
2020-01-29 21:03:41,316 DEBUG UR3 - DEBUG: Final position ofarm2 =-0.011964     0.41591     0.62848
2020-01-29 21:03:41,500 DEBUG UR3 - DEBUG: Final position ofarm2 =-0.0026831     0.43267      0.5979
2020-01-29 21:03:41,681 DEBUG UR3 - DEBUG: Final position ofarm2 =0.0077298     0.44445     0.57114
2020-01-29 21:03:41,865 DEBUG UR3 - DEBUG: Final position ofarm2 =0.018159     0.45223     0.54833
2020-01-29 21:03:42,045 DEBUG UR3 - DEBUG: Final position ofarm2 =0.027858     0.45698     0.52935
2020-01-29 21:03:42,233 DEBUG UR3 - DEBUG: Final position ofarm2 =0.036377      0.4596     0.51397
2020-01-29 21:03:42,416 DEBUG UR3 - DEBUG: Final position ofarm2 =0.0435     0.46082     0.50184
2020-01-29 21:03:42,597 DEBUG UR3 - DEBUG: Final position ofarm2 =0.049168     0.46121      0.4926
2020-01-29 21:03:42,781 DEBUG UR3 - DEBUG: Final position ofarm2 =0.053435     0.46118     0.48585
2020-01-29 21:03:42,961 DEBUG UR3 - DEBUG: Final position ofarm2 =0.056427       0.461     0.48122
2020-01-29 21:03:43,141 DEBUG UR3 - DEBUG: Final position ofarm2 =0.058322     0.46082     0.47833
2020-01-29 21:03:43,322 DEBUG UR3 - DEBUG: Final position ofarm2 =0.059336      0.4607      0.4768
2020-01-29 21:03:43,504 DEBUG UR3 - DEBUG: Final position ofarm2 =0.059725     0.46065     0.47621
2020-01-29 21:03:43,687 DEBUG UR3 - DEBUG: Final position ofarm2 =0.059782     0.46064     0.47613
2020-01-29 21:04:16,047 DEBUG UR3 - DEBUG: Final position ofarm2 =0.059782     0.46064     0.47613
2020-01-29 21:04:16,261 DEBUG UR3 - DEBUG: Final position ofarm2 =0.059754     0.46063      0.4762
2020-01-29 21:04:16,476 DEBUG UR3 - DEBUG: Final position ofarm2 =0.059559     0.46053     0.47672
2020-01-29 21:04:16,695 DEBUG UR3 - DEBUG: Final position ofarm2 =0.059055     0.46028     0.47808
2020-01-29 21:04:17,528 DEBUG UR3 - DEBUG: Final position ofarm2 =0.058118     0.45978     0.48063
2020-01-29 21:04:17,781 DEBUG UR3 - DEBUG: Final position ofarm2 =0.056654     0.45894     0.48466
2020-01-29 21:04:18,008 DEBUG UR3 - DEBUG: Final position ofarm2 =0.054598     0.45761     0.49047
2020-01-29 21:04:18,273 DEBUG UR3 - DEBUG: Final position ofarm2 =0.051922     0.45561     0.49828
2020-01-29 21:04:18,527 DEBUG UR3 - DEBUG: Final position ofarm2 =0.048644     0.45267     0.50832
2020-01-29 21:04:18,760 DEBUG UR3 - DEBUG: Final position ofarm2 =0.044841     0.44848     0.52075
2020-01-29 21:04:18,975 DEBUG UR3 - DEBUG: Final position ofarm2 =0.040667     0.44264     0.53572
2020-01-29 21:04:19,560 DEBUG UR3 - DEBUG: Final position ofarm2 =0.036367     0.43469     0.55326
2020-01-29 21:04:19,840 DEBUG UR3 - DEBUG: Final position ofarm2 =0.032301     0.42412     0.57337
2020-01-29 21:04:20,080 DEBUG UR3 - DEBUG: Final position ofarm2 =0.02896     0.41039     0.59588
2020-01-29 21:04:20,428 DEBUG UR3 - DEBUG: Final position ofarm2 =0.026976       0.393     0.62051
2020-01-29 21:04:20,708 DEBUG UR3 - DEBUG: Final position ofarm2 =0.027118     0.37153     0.64678
2020-01-29 21:04:20,935 DEBUG UR3 - DEBUG: Final position ofarm2 =0.030275      0.3457     0.67406
2020-01-29 21:04:21,157 DEBUG UR3 - DEBUG: Final position ofarm2 =0.037409     0.31547     0.70149
2020-01-29 21:04:21,392 DEBUG UR3 - DEBUG: Final position ofarm2 =0.049492     0.28108     0.72805
2020-01-29 21:04:21,619 DEBUG UR3 - DEBUG: Final position ofarm2 =0.06741     0.24309      0.7526
2020-01-29 21:04:21,841 DEBUG UR3 - DEBUG: Final position ofarm2 =0.09186     0.20243     0.77388
2020-01-29 21:04:22,062 DEBUG UR3 - DEBUG: Final position ofarm2 =0.12324     0.16033     0.79066
2020-01-29 21:04:22,290 DEBUG UR3 - DEBUG: Final position ofarm2 =0.16156      0.1183     0.80176
2020-01-29 21:04:22,524 DEBUG UR3 - DEBUG: Final position ofarm2 =0.20637    0.077964     0.80621
2020-01-29 21:04:22,761 DEBUG UR3 - DEBUG: Final position ofarm2 =0.25674    0.040976     0.80328
2020-01-29 21:04:22,983 DEBUG UR3 - DEBUG: Final position ofarm2 =0.31131   0.0088268     0.79259
2020-01-29 21:04:23,198 DEBUG UR3 - DEBUG: Final position ofarm2 =0.36836   -0.017284     0.77414
2020-01-29 21:04:23,414 DEBUG UR3 - DEBUG: Final position ofarm2 =0.42599   -0.036561     0.74831
2020-01-29 21:04:23,642 DEBUG UR3 - DEBUG: Final position ofarm2 =0.48224   -0.048676     0.71585
2020-01-29 21:04:23,864 DEBUG UR3 - DEBUG: Final position ofarm2 =0.53527    -0.05378     0.67781
2020-01-29 21:04:24,091 DEBUG UR3 - DEBUG: Final position ofarm2 =0.58354    -0.05245     0.63547
2020-01-29 21:04:24,307 DEBUG UR3 - DEBUG: Final position ofarm2 =0.62589   -0.045605     0.59024
2020-01-29 21:04:24,521 DEBUG UR3 - DEBUG: Final position ofarm2 =0.66161   -0.034383     0.54354
2020-01-29 21:04:24,744 DEBUG UR3 - DEBUG: Final position ofarm2 =0.69045   -0.020018     0.49675
2020-01-29 21:04:24,986 DEBUG UR3 - DEBUG: Final position ofarm2 =0.7126  -0.0037278     0.45109
2020-01-29 21:04:25,203 DEBUG UR3 - DEBUG: Final position ofarm2 =0.72857    0.013386     0.40761
2020-01-29 21:04:25,425 DEBUG UR3 - DEBUG: Final position ofarm2 =0.73913    0.030393     0.36713
2020-01-29 21:04:25,642 DEBUG UR3 - DEBUG: Final position ofarm2 =0.74521    0.046569     0.33025
2020-01-29 21:04:25,859 DEBUG UR3 - DEBUG: Final position ofarm2 =0.74779    0.061397     0.29735
2020-01-29 21:04:26,076 DEBUG UR3 - DEBUG: Final position ofarm2 =0.74783    0.074554     0.26863
2020-01-29 21:04:26,290 DEBUG UR3 - DEBUG: Final position ofarm2 =0.74619    0.085875     0.24411
2020-01-29 21:04:26,505 DEBUG UR3 - DEBUG: Final position ofarm2 =0.74363    0.095325     0.22371
2020-01-29 21:04:26,722 DEBUG UR3 - DEBUG: Final position ofarm2 =0.74074     0.10296     0.20721
2020-01-29 21:04:26,938 DEBUG UR3 - DEBUG: Final position ofarm2 =0.73796      0.1089     0.19434
2020-01-29 21:04:27,155 DEBUG UR3 - DEBUG: Final position ofarm2 =0.73559      0.1133     0.18477
2020-01-29 21:04:27,371 DEBUG UR3 - DEBUG: Final position ofarm2 =0.73378     0.11636     0.17811
2020-01-29 21:04:27,588 DEBUG UR3 - DEBUG: Final position ofarm2 =0.73258     0.11828      0.1739
2020-01-29 21:04:27,828 DEBUG UR3 - DEBUG: Final position ofarm2 =0.73191      0.1193     0.17166
2020-01-29 21:04:28,054 DEBUG UR3 - DEBUG: Final position ofarm2 =0.73165      0.1197      0.1708
2020-01-29 21:04:28,271 DEBUG UR3 - DEBUG: Final position ofarm2 =0.73161     0.11975     0.17067
2020-01-29 21:04:29,251 DEBUG UR3 - DEBUG:arm2 current position =0.73571     0.12304     0.17827
2020-01-29 21:04:30,037 DEBUG UR3 - DEBUG:arm2 current position =0.76486     0.15316      0.2468
2020-01-29 21:04:30,814 DEBUG UR3 - DEBUG:arm2 current position =0.7851     0.22792     0.42392
2020-01-29 21:04:31,594 DEBUG UR3 - DEBUG:arm2 current position =0.68238     0.29381     0.68512
2020-01-29 21:04:32,365 DEBUG UR3 - DEBUG:arm2 current position =0.4469     0.20482     0.86526
2020-01-29 21:04:33,171 DEBUG UR3 - DEBUG:arm2 current position =0.29505   -0.020386     0.81649
2020-01-29 21:04:33,943 DEBUG UR3 - DEBUG:arm2 current position =0.31375    -0.16498     0.63634
2020-01-29 21:04:34,717 DEBUG UR3 - DEBUG:arm2 current position =0.37644    -0.18402     0.49237
2020-01-29 21:04:35,491 DEBUG UR3 - DEBUG:arm2 current position =0.4088    -0.16942     0.42924
2020-01-29 21:04:36,262 DEBUG UR3 - DEBUG:arm2 current position =0.41425    -0.16554     0.41884
2020-01-29 21:04:36,269 DEBUG UR3 - DEBUG: Final position ofarm2 =0.41425    -0.16554     0.41884
