2020-01-29 21:03:31,605 DEBUG UR3 - DEBUG:arm1 current position =-0.075166    -0.18746       0.409
2020-01-29 21:03:32,325 DEBUG UR3 - DEBUG:arm1 current position =-0.42951    -0.15387     0.33805
2020-01-29 21:03:33,045 DEBUG UR3 - DEBUG:arm1 current position =-0.6074     0.34992     0.23593
2020-01-29 21:03:33,762 DEBUG UR3 - DEBUG:arm1 current position =-0.29308      0.6004     0.20085
2020-01-29 21:03:34,486 DEBUG UR3 - DEBUG:arm1 current position =-0.19999         0.6     0.20003
2020-01-29 21:03:34,494 DEBUG UR3 - DEBUG: Final position ofarm1 =-0.19999         0.6     0.20003
2020-01-29 21:03:44,034 DEBUG UR3 - DEBUG: Final position ofarm1 =-0.19999         0.6     0.20003
2020-01-29 21:03:44,197 DEBUG UR3 - DEBUG: Final position ofarm1 =-0.19996     0.60001     0.20006
2020-01-29 21:03:44,360 DEBUG UR3 - DEBUG: Final position ofarm1 =-0.19974     0.60012      0.2002
2020-01-29 21:03:44,561 DEBUG UR3 - DEBUG: Final position ofarm1 =-0.19918     0.60041     0.20057
2020-01-29 21:03:44,719 DEBUG UR3 - DEBUG: Final position ofarm1 =-0.19812     0.60094     0.20126
2020-01-29 21:03:44,893 DEBUG UR3 - DEBUG: Final position ofarm1 =-0.19645     0.60178     0.20237
2020-01-29 21:03:45,049 DEBUG UR3 - DEBUG: Final position ofarm1 =-0.19406     0.60294     0.20396
2020-01-29 21:03:45,209 DEBUG UR3 - DEBUG: Final position ofarm1 =-0.19086     0.60445      0.2061
2020-01-29 21:03:45,380 DEBUG UR3 - DEBUG: Final position ofarm1 =-0.18679      0.6063     0.20886
2020-01-29 21:03:45,537 DEBUG UR3 - DEBUG: Final position ofarm1 =-0.18177     0.60847     0.21231
2020-01-29 21:03:45,693 DEBUG UR3 - DEBUG: Final position ofarm1 =-0.17578      0.6109     0.21649
2020-01-29 21:03:45,851 DEBUG UR3 - DEBUG: Final position ofarm1 =-0.16879     0.61352     0.22146
2020-01-29 21:03:46,009 DEBUG UR3 - DEBUG: Final position ofarm1 =-0.16078     0.61623     0.22728
2020-01-29 21:03:46,165 DEBUG UR3 - DEBUG: Final position ofarm1 =-0.15178     0.61893     0.23399
2020-01-29 21:03:46,320 DEBUG UR3 - DEBUG: Final position ofarm1 =-0.14181     0.62149     0.24162
2020-01-29 21:03:46,478 DEBUG UR3 - DEBUG: Final position ofarm1 =-0.13094     0.62375      0.2502
2020-01-29 21:03:46,635 DEBUG UR3 - DEBUG: Final position ofarm1 =-0.11923     0.62559     0.25974
2020-01-29 21:03:46,793 DEBUG UR3 - DEBUG: Final position ofarm1 =-0.10681     0.62684     0.27023
2020-01-29 21:03:46,951 DEBUG UR3 - DEBUG: Final position ofarm1 =-0.093796     0.62736     0.28167
2020-01-29 21:03:47,108 DEBUG UR3 - DEBUG: Final position ofarm1 =-0.080351     0.62703       0.294
2020-01-29 21:03:47,267 DEBUG UR3 - DEBUG: Final position ofarm1 =-0.06665     0.62574     0.30717
2020-01-29 21:03:47,432 DEBUG UR3 - DEBUG: Final position ofarm1 =-0.052882     0.62339     0.32109
2020-01-29 21:03:47,590 DEBUG UR3 - DEBUG: Final position ofarm1 =-0.039249     0.61995     0.33567
2020-01-29 21:03:47,749 DEBUG UR3 - DEBUG: Final position ofarm1 =-0.025951     0.61539     0.35078
2020-01-29 21:03:47,908 DEBUG UR3 - DEBUG: Final position ofarm1 =-0.013185     0.60974      0.3663
2020-01-29 21:03:48,082 DEBUG UR3 - DEBUG: Final position ofarm1 =-0.001132     0.60306     0.38206
2020-01-29 21:03:48,240 DEBUG UR3 - DEBUG: Final position ofarm1 =0.010047     0.59543     0.39793
2020-01-29 21:03:48,409 DEBUG UR3 - DEBUG: Final position ofarm1 =0.020222     0.58699     0.41374
2020-01-29 21:03:48,572 DEBUG UR3 - DEBUG: Final position ofarm1 =0.029296     0.57789     0.42934
2020-01-29 21:03:48,731 DEBUG UR3 - DEBUG: Final position ofarm1 =0.037207      0.5683     0.44456
2020-01-29 21:03:48,889 DEBUG UR3 - DEBUG: Final position ofarm1 =0.043936      0.5584     0.45928
2020-01-29 21:03:49,047 DEBUG UR3 - DEBUG: Final position ofarm1 =0.049497     0.54837     0.47337
2020-01-29 21:03:49,203 DEBUG UR3 - DEBUG: Final position ofarm1 =0.053941     0.53839     0.48671
2020-01-29 21:03:49,360 DEBUG UR3 - DEBUG: Final position ofarm1 =0.05735     0.52864     0.49921
2020-01-29 21:03:49,517 DEBUG UR3 - DEBUG: Final position ofarm1 =0.059826     0.51926     0.51079
2020-01-29 21:03:49,687 DEBUG UR3 - DEBUG: Final position ofarm1 =0.061492     0.51039     0.52141
2020-01-29 21:03:49,846 DEBUG UR3 - DEBUG: Final position ofarm1 =0.06248     0.50213     0.53103
2020-01-29 21:03:50,002 DEBUG UR3 - DEBUG: Final position ofarm1 =0.062926     0.49458     0.53962
2020-01-29 21:03:50,158 DEBUG UR3 - DEBUG: Final position ofarm1 =0.06296     0.48778      0.5472
2020-01-29 21:03:50,318 DEBUG UR3 - DEBUG: Final position ofarm1 =0.062706      0.4818     0.55377
2020-01-29 21:03:50,474 DEBUG UR3 - DEBUG: Final position ofarm1 =0.062275     0.47663     0.55937
2020-01-29 21:03:50,632 DEBUG UR3 - DEBUG: Final position ofarm1 =0.06176     0.47227     0.56402
2020-01-29 21:03:50,790 DEBUG UR3 - DEBUG: Final position ofarm1 =0.061235     0.46871      0.5678
2020-01-29 21:03:50,946 DEBUG UR3 - DEBUG: Final position ofarm1 =0.060757     0.46591     0.57075
2020-01-29 21:03:51,102 DEBUG UR3 - DEBUG: Final position ofarm1 =0.06036     0.46381     0.57295
2020-01-29 21:03:51,265 DEBUG UR3 - DEBUG: Final position ofarm1 =0.060062     0.46234     0.57448
2020-01-29 21:03:51,423 DEBUG UR3 - DEBUG: Final position ofarm1 =0.059865     0.46141     0.57545
2020-01-29 21:03:51,578 DEBUG UR3 - DEBUG: Final position ofarm1 =0.059757     0.46091     0.57597
2020-01-29 21:03:51,736 DEBUG UR3 - DEBUG: Final position ofarm1 =0.059715     0.46072     0.57617
2020-01-29 21:03:51,892 DEBUG UR3 - DEBUG: Final position ofarm1 =0.059709     0.46069      0.5762
2020-01-29 21:03:52,848 DEBUG UR3 - DEBUG:arm1 current position =0.059098     0.46343     0.57414
2020-01-29 21:03:53,575 DEBUG UR3 - DEBUG:arm1 current position =0.052033      0.4869       0.556
2020-01-29 21:03:54,302 DEBUG UR3 - DEBUG:arm1 current position =0.022474     0.53952     0.51048
2020-01-29 21:03:55,024 DEBUG UR3 - DEBUG:arm1 current position =-0.053977     0.60087     0.43742
2020-01-29 21:03:55,745 DEBUG UR3 - DEBUG:arm1 current position =-0.17815     0.62401     0.35213
2020-01-29 21:03:56,468 DEBUG UR3 - DEBUG:arm1 current position =-0.30486     0.58053      0.2797
2020-01-29 21:03:57,191 DEBUG UR3 - DEBUG:arm1 current position =-0.38649      0.4988     0.23606
2020-01-29 21:03:57,913 DEBUG UR3 - DEBUG:arm1 current position =-0.42004     0.42872     0.21799
2020-01-29 21:03:58,632 DEBUG UR3 - DEBUG:arm1 current position =-0.42888      0.3941     0.21306
2020-01-29 21:03:59,355 DEBUG UR3 - DEBUG:arm1 current position =-0.42997     0.38805     0.21244
2020-01-29 21:03:59,363 DEBUG UR3 - DEBUG: Final position ofarm1 =-0.42997     0.38805     0.21244
2020-01-29 21:03:59,623 DEBUG UR3 - DEBUG: Final position ofarm1 =-0.42997     0.38805     0.21244
2020-01-29 21:03:59,804 DEBUG UR3 - DEBUG: Final position ofarm1 =-0.42996     0.38811     0.21245
2020-01-29 21:03:59,984 DEBUG UR3 - DEBUG: Final position ofarm1 =-0.4299     0.38848     0.21249
2020-01-29 21:04:00,163 DEBUG UR3 - DEBUG: Final position ofarm1 =-0.42973     0.38944     0.21258
2020-01-29 21:04:00,343 DEBUG UR3 - DEBUG: Final position ofarm1 =-0.42941     0.39125     0.21276
2020-01-29 21:04:00,528 DEBUG UR3 - DEBUG: Final position ofarm1 =-0.42888      0.3941     0.21306
2020-01-29 21:04:00,706 DEBUG UR3 - DEBUG: Final position ofarm1 =-0.42808     0.39816     0.21352
2020-01-29 21:04:00,885 DEBUG UR3 - DEBUG: Final position ofarm1 =-0.42692     0.40357     0.21418
2020-01-29 21:04:01,064 DEBUG UR3 - DEBUG: Final position ofarm1 =-0.42528     0.41043     0.21509
2020-01-29 21:04:01,244 DEBUG UR3 - DEBUG: Final position ofarm1 =-0.42305      0.4188     0.21634
2020-01-29 21:04:01,423 DEBUG UR3 - DEBUG: Final position ofarm1 =-0.42004     0.42872     0.21799
2020-01-29 21:04:01,603 DEBUG UR3 - DEBUG: Final position ofarm1 =-0.41609     0.44015     0.22016
2020-01-29 21:04:01,780 DEBUG UR3 - DEBUG: Final position ofarm1 =-0.41098     0.45303     0.22293
2020-01-29 21:04:01,957 DEBUG UR3 - DEBUG: Final position ofarm1 =-0.4045     0.46723     0.22643
2020-01-29 21:04:02,134 DEBUG UR3 - DEBUG: Final position ofarm1 =-0.3964     0.48257     0.23077
2020-01-29 21:04:02,313 DEBUG UR3 - DEBUG: Final position ofarm1 =-0.38649      0.4988     0.23606
2020-01-29 21:04:02,493 DEBUG UR3 - DEBUG: Final position ofarm1 =-0.37457     0.51561      0.2424
2020-01-29 21:04:02,677 DEBUG UR3 - DEBUG: Final position ofarm1 =-0.36049     0.53262     0.24988
2020-01-29 21:04:02,855 DEBUG UR3 - DEBUG: Final position ofarm1 =-0.34417     0.54941     0.25857
2020-01-29 21:04:03,031 DEBUG UR3 - DEBUG: Final position ofarm1 =-0.3256     0.56554     0.26851
2020-01-29 21:04:03,207 DEBUG UR3 - DEBUG: Final position ofarm1 =-0.30486     0.58053      0.2797
2020-01-29 21:04:03,388 DEBUG UR3 - DEBUG: Final position ofarm1 =-0.28213     0.59391     0.29211
2020-01-29 21:04:03,569 DEBUG UR3 - DEBUG: Final position ofarm1 =-0.25769     0.60527     0.30568
2020-01-29 21:04:03,745 DEBUG UR3 - DEBUG: Final position ofarm1 =-0.23191     0.61424     0.32031
2020-01-29 21:04:03,923 DEBUG UR3 - DEBUG: Final position ofarm1 =-0.20523     0.62055     0.33585
2020-01-29 21:04:04,103 DEBUG UR3 - DEBUG: Final position ofarm1 =-0.17815     0.62401     0.35213
2020-01-29 21:04:04,279 DEBUG UR3 - DEBUG: Final position ofarm1 =-0.15117     0.62458     0.36897
2020-01-29 21:04:04,457 DEBUG UR3 - DEBUG: Final position ofarm1 =-0.12482     0.62232     0.38613
2020-01-29 21:04:04,639 DEBUG UR3 - DEBUG: Final position ofarm1 =-0.099573     0.61741     0.40341
2020-01-29 21:04:04,814 DEBUG UR3 - DEBUG: Final position ofarm1 =-0.075847     0.61014     0.42058
2020-01-29 21:04:04,991 DEBUG UR3 - DEBUG: Final position ofarm1 =-0.053977     0.60087     0.43742
2020-01-29 21:04:05,175 DEBUG UR3 - DEBUG: Final position ofarm1 =-0.034206     0.59001     0.45374
2020-01-29 21:04:05,351 DEBUG UR3 - DEBUG: Final position ofarm1 =-0.016673     0.57801     0.46934
2020-01-29 21:04:05,529 DEBUG UR3 - DEBUG: Final position ofarm1 =-0.0014231     0.56532     0.48408
2020-01-29 21:04:05,709 DEBUG UR3 - DEBUG: Final position ofarm1 =0.011587     0.55236     0.49782
2020-01-29 21:04:05,885 DEBUG UR3 - DEBUG: Final position ofarm1 =0.022474     0.53952     0.51048
2020-01-29 21:04:06,064 DEBUG UR3 - DEBUG: Final position ofarm1 =0.03141     0.52714     0.52198
2020-01-29 21:04:06,242 DEBUG UR3 - DEBUG: Final position ofarm1 =0.038605     0.51551     0.53229
2020-01-29 21:04:06,428 DEBUG UR3 - DEBUG: Final position ofarm1 =0.044287     0.50483     0.54138
2020-01-29 21:04:06,604 DEBUG UR3 - DEBUG: Final position ofarm1 =0.048689     0.49526     0.54928
2020-01-29 21:04:06,782 DEBUG UR3 - DEBUG: Final position ofarm1 =0.052033      0.4869       0.556
2020-01-29 21:04:06,958 DEBUG UR3 - DEBUG: Final position ofarm1 =0.054524      0.4798     0.56159
2020-01-29 21:04:07,137 DEBUG UR3 - DEBUG: Final position ofarm1 =0.05634     0.47396     0.56612
2020-01-29 21:04:07,314 DEBUG UR3 - DEBUG: Final position ofarm1 =0.05763     0.46935     0.56966
2020-01-29 21:04:07,491 DEBUG UR3 - DEBUG: Final position ofarm1 =0.058517     0.46587      0.5723
2020-01-29 21:04:07,678 DEBUG UR3 - DEBUG: Final position ofarm1 =0.059098     0.46343     0.57414
2020-01-29 21:04:07,855 DEBUG UR3 - DEBUG: Final position ofarm1 =0.059448     0.46189      0.5753
2020-01-29 21:04:08,034 DEBUG UR3 - DEBUG: Final position ofarm1 =0.05963     0.46106     0.57592
2020-01-29 21:04:08,211 DEBUG UR3 - DEBUG: Final position ofarm1 =0.059699     0.46074     0.57616
2020-01-29 21:04:08,387 DEBUG UR3 - DEBUG: Final position ofarm1 =0.059709     0.46069      0.5762
2020-01-29 21:04:09,262 DEBUG UR3 - DEBUG:arm1 current position =0.054524     0.46703     0.57497
2020-01-29 21:04:09,980 DEBUG UR3 - DEBUG:arm1 current position =0.0039772      0.5166     0.56469
2020-01-29 21:04:10,697 DEBUG UR3 - DEBUG:arm1 current position =-0.14866     0.58947     0.54258
2020-01-29 21:04:11,418 DEBUG UR3 - DEBUG:arm1 current position =-0.40646     0.55397     0.51486
2020-01-29 21:04:12,140 DEBUG UR3 - DEBUG:arm1 current position =-0.60215     0.30656     0.48923
2020-01-29 21:04:12,861 DEBUG UR3 - DEBUG:arm1 current position =-0.55181   -0.012335     0.46695
2020-01-29 21:04:13,578 DEBUG UR3 - DEBUG:arm1 current position =-0.32896    -0.18393     0.44622
2020-01-29 21:04:14,297 DEBUG UR3 - DEBUG:arm1 current position =-0.13196    -0.19812     0.42935
2020-01-29 21:04:15,015 DEBUG UR3 - DEBUG:arm1 current position =-0.040943    -0.17214     0.42045
2020-01-29 21:04:15,732 DEBUG UR3 - DEBUG:arm1 current position =-0.02575    -0.16554     0.41884
2020-01-29 21:04:15,739 DEBUG UR3 - DEBUG: Final position ofarm1 =-0.02575    -0.16554     0.41884
